<?xml version="1.0" encoding="UTF-8"?>
<!-- Generated by org.testng.reporters.JUnitXMLReporter -->
<testsuite hostname="D-184004960" name="MPS Portal2.0 Automation " tests="31" failures="10" timestamp="6 Dec 2016 14:22:58 GMT" time="3692.875" errors="0">
  <testcase name="@BeforeClass setUp" time="0.0" classname="com.mps.test.Test_RemoveContact">
    <failure type="org.openqa.selenium.NoSuchElementException" message="Unable to locate element: {&amp;quot;method&amp;quot;:&amp;quot;name&amp;quot;,&amp;quot;selector&amp;quot;:&amp;quot;USER&amp;quot;}
Command duration or timeout: 12.02 seconds
For documentation on this error, please visit: http://seleniumhq.org/exceptions/no_such_element.html
Build info: version: &amp;apos;2.48.2&amp;apos;, revision: &amp;apos;41bccdd&amp;apos;, time: &amp;apos;2015-10-09 19:59:12&amp;apos;
System info: host: &amp;apos;D-184004960&amp;apos;, ip: &amp;apos;10.141.27.178&amp;apos;, os.name: &amp;apos;Windows 8.1&amp;apos;, os.arch: &amp;apos;amd64&amp;apos;, os.version: &amp;apos;6.3&amp;apos;, java.version: &amp;apos;1.8.0_91&amp;apos;
Driver info: org.openqa.selenium.firefox.FirefoxDriver
Capabilities [{applicationCacheEnabled=true, rotatable=false, handlesAlerts=true, databaseEnabled=true, version=44.0, platform=WINDOWS, nativeEvents=false, acceptSslCerts=true, webStorageEnabled=true, locationContextEnabled=true, browserName=firefox, takesScreenshot=true, javascriptEnabled=true, cssSelectorsEnabled=true}]
Session ID: 65f97665-eb52-47f4-a4c0-f0ff4ba04697
*** Element info: {Using=name, value=USER}">
      <![CDATA[org.openqa.selenium.NoSuchElementException: Unable to locate element: {"method":"name","selector":"USER"}
Command duration or timeout: 12.02 seconds
For documentation on this error, please visit: http://seleniumhq.org/exceptions/no_such_element.html
Build info: version: '2.48.2', revision: '41bccdd', time: '2015-10-09 19:59:12'
System info: host: 'D-184004960', ip: '10.141.27.178', os.name: 'Windows 8.1', os.arch: 'amd64', os.version: '6.3', java.version: '1.8.0_91'
Driver info: org.openqa.selenium.firefox.FirefoxDriver
Capabilities [{applicationCacheEnabled=true, rotatable=false, handlesAlerts=true, databaseEnabled=true, version=44.0, platform=WINDOWS, nativeEvents=false, acceptSslCerts=true, webStorageEnabled=true, locationContextEnabled=true, browserName=firefox, takesScreenshot=true, javascriptEnabled=true, cssSelectorsEnabled=true}]
Session ID: 65f97665-eb52-47f4-a4c0-f0ff4ba04697
*** Element info: {Using=name, value=USER}
	at org.openqa.selenium.remote.ErrorHandler.createThrowable(ErrorHandler.java:206)
	at org.openqa.selenium.remote.ErrorHandler.throwIfResponseFailed(ErrorHandler.java:158)
	at org.openqa.selenium.remote.RemoteWebDriver.execute(RemoteWebDriver.java:647)
	at org.openqa.selenium.remote.RemoteWebDriver.findElement(RemoteWebDriver.java:353)
	at org.openqa.selenium.remote.RemoteWebDriver.findElementByName(RemoteWebDriver.java:451)
	at org.openqa.selenium.By$ByName.findElement(By.java:303)
	at org.openqa.selenium.remote.RemoteWebDriver.findElement(RemoteWebDriver.java:345)
	at org.openqa.selenium.support.pagefactory.DefaultElementLocator.findElement(DefaultElementLocator.java:69)
	at org.openqa.selenium.support.pagefactory.internal.LocatingElementHandler.invoke(LocatingElementHandler.java:38)
	at com.sun.proxy.$Proxy8.sendKeys(Unknown Source)
	at com.lexmark.automation.test.PageObject.helper.LogIn_Page.Login(LogIn_Page.java:33)
	at com.mps.test.Test_RemoveContact.setUp(Test_RemoveContact.java:40)
Caused by: org.openqa.selenium.NoSuchElementException: Unable to locate element: {"method":"name","selector":"USER"}
For documentation on this error, please visit: http://seleniumhq.org/exceptions/no_such_element.html
Build info: version: '2.48.2', revision: '41bccdd', time: '2015-10-09 19:59:12'
System info: host: 'D-184004960', ip: '10.141.27.178', os.name: 'Windows 8.1', os.arch: 'amd64', os.version: '6.3', java.version: '1.8.0_91'
Driver info: driver.version: unknown
	at <anonymous class>.FirefoxDriver.prototype.findElementInternal_(file:///C:/Users/sanoaoa/AppData/Local/Temp/anonymous8128133271600519566webdriver-profile/extensions/fxdriver@googlecode.com/components/driver-component.js:10659)
	at <anonymous class>.FirefoxDriver.prototype.findElement(file:///C:/Users/sanoaoa/AppData/Local/Temp/anonymous8128133271600519566webdriver-profile/extensions/fxdriver@googlecode.com/components/driver-component.js:10668)
	at <anonymous class>.DelayedCommand.prototype.executeInternal_/h(file:///C:/Users/sanoaoa/AppData/Local/Temp/anonymous8128133271600519566webdriver-profile/extensions/fxdriver@googlecode.com/components/command-processor.js:12534)
	at <anonymous class>.DelayedCommand.prototype.executeInternal_(file:///C:/Users/sanoaoa/AppData/Local/Temp/anonymous8128133271600519566webdriver-profile/extensions/fxdriver@googlecode.com/components/command-processor.js:12539)
	at <anonymous class>.DelayedCommand.prototype.execute/<(file:///C:/Users/sanoaoa/AppData/Local/Temp/anonymous8128133271600519566webdriver-profile/extensions/fxdriver@googlecode.com/components/command-processor.js:12481)
... Removed 28 stack frames]]>
    </failure>
  </testcase> <!-- @BeforeClass setUp -->
  <testcase name="@BeforeClass setUp" time="0.0" classname="com.mps.test.Test_DeviceOverview_ServiceRequest">
    <failure type="org.openqa.selenium.NoSuchElementException" message="Unable to locate element: {&amp;quot;method&amp;quot;:&amp;quot;name&amp;quot;,&amp;quot;selector&amp;quot;:&amp;quot;USER&amp;quot;}
Command duration or timeout: 17.08 seconds
For documentation on this error, please visit: http://seleniumhq.org/exceptions/no_such_element.html
Build info: version: &amp;apos;2.48.2&amp;apos;, revision: &amp;apos;41bccdd&amp;apos;, time: &amp;apos;2015-10-09 19:59:12&amp;apos;
System info: host: &amp;apos;D-184004960&amp;apos;, ip: &amp;apos;10.141.27.178&amp;apos;, os.name: &amp;apos;Windows 8.1&amp;apos;, os.arch: &amp;apos;amd64&amp;apos;, os.version: &amp;apos;6.3&amp;apos;, java.version: &amp;apos;1.8.0_91&amp;apos;
Driver info: org.openqa.selenium.firefox.FirefoxDriver
Capabilities [{applicationCacheEnabled=true, rotatable=false, handlesAlerts=true, databaseEnabled=true, version=44.0, platform=WINDOWS, nativeEvents=false, acceptSslCerts=true, webStorageEnabled=true, locationContextEnabled=true, browserName=firefox, takesScreenshot=true, javascriptEnabled=true, cssSelectorsEnabled=true}]
Session ID: 23e1441d-9342-4072-b9ed-d75015bbfdb1
*** Element info: {Using=name, value=USER}">
      <![CDATA[org.openqa.selenium.NoSuchElementException: Unable to locate element: {"method":"name","selector":"USER"}
Command duration or timeout: 17.08 seconds
For documentation on this error, please visit: http://seleniumhq.org/exceptions/no_such_element.html
Build info: version: '2.48.2', revision: '41bccdd', time: '2015-10-09 19:59:12'
System info: host: 'D-184004960', ip: '10.141.27.178', os.name: 'Windows 8.1', os.arch: 'amd64', os.version: '6.3', java.version: '1.8.0_91'
Driver info: org.openqa.selenium.firefox.FirefoxDriver
Capabilities [{applicationCacheEnabled=true, rotatable=false, handlesAlerts=true, databaseEnabled=true, version=44.0, platform=WINDOWS, nativeEvents=false, acceptSslCerts=true, webStorageEnabled=true, locationContextEnabled=true, browserName=firefox, takesScreenshot=true, javascriptEnabled=true, cssSelectorsEnabled=true}]
Session ID: 23e1441d-9342-4072-b9ed-d75015bbfdb1
*** Element info: {Using=name, value=USER}
	at org.openqa.selenium.remote.ErrorHandler.createThrowable(ErrorHandler.java:206)
	at org.openqa.selenium.remote.ErrorHandler.throwIfResponseFailed(ErrorHandler.java:158)
	at org.openqa.selenium.remote.RemoteWebDriver.execute(RemoteWebDriver.java:647)
	at org.openqa.selenium.remote.RemoteWebDriver.findElement(RemoteWebDriver.java:353)
	at org.openqa.selenium.remote.RemoteWebDriver.findElementByName(RemoteWebDriver.java:451)
	at org.openqa.selenium.By$ByName.findElement(By.java:303)
	at org.openqa.selenium.remote.RemoteWebDriver.findElement(RemoteWebDriver.java:345)
	at org.openqa.selenium.support.pagefactory.DefaultElementLocator.findElement(DefaultElementLocator.java:69)
	at org.openqa.selenium.support.pagefactory.internal.LocatingElementHandler.invoke(LocatingElementHandler.java:38)
	at com.sun.proxy.$Proxy8.sendKeys(Unknown Source)
	at com.lexmark.automation.test.PageObject.helper.LogIn_Page.Login(LogIn_Page.java:33)
	at com.mps.test.Test_DeviceOverview_ServiceRequest.setUp(Test_DeviceOverview_ServiceRequest.java:39)
Caused by: org.openqa.selenium.NoSuchElementException: Unable to locate element: {"method":"name","selector":"USER"}
For documentation on this error, please visit: http://seleniumhq.org/exceptions/no_such_element.html
Build info: version: '2.48.2', revision: '41bccdd', time: '2015-10-09 19:59:12'
System info: host: 'D-184004960', ip: '10.141.27.178', os.name: 'Windows 8.1', os.arch: 'amd64', os.version: '6.3', java.version: '1.8.0_91'
Driver info: driver.version: unknown
	at <anonymous class>.FirefoxDriver.prototype.findElementInternal_(file:///C:/Users/sanoaoa/AppData/Local/Temp/anonymous1018985992406545600webdriver-profile/extensions/fxdriver@googlecode.com/components/driver-component.js:10659)
	at <anonymous class>.FirefoxDriver.prototype.findElement(file:///C:/Users/sanoaoa/AppData/Local/Temp/anonymous1018985992406545600webdriver-profile/extensions/fxdriver@googlecode.com/components/driver-component.js:10668)
	at <anonymous class>.DelayedCommand.prototype.executeInternal_/h(file:///C:/Users/sanoaoa/AppData/Local/Temp/anonymous1018985992406545600webdriver-profile/extensions/fxdriver@googlecode.com/components/command-processor.js:12534)
	at <anonymous class>.DelayedCommand.prototype.executeInternal_(file:///C:/Users/sanoaoa/AppData/Local/Temp/anonymous1018985992406545600webdriver-profile/extensions/fxdriver@googlecode.com/components/command-processor.js:12539)
	at <anonymous class>.DelayedCommand.prototype.execute/<(file:///C:/Users/sanoaoa/AppData/Local/Temp/anonymous1018985992406545600webdriver-profile/extensions/fxdriver@googlecode.com/components/command-processor.js:12481)
... Removed 28 stack frames]]>
    </failure>
  </testcase> <!-- @BeforeClass setUp -->
  <testcase name="@BeforeClass setUp" time="0.0" classname="com.mps.test.Test_PA_NewGlobalTag">
    <failure type="org.openqa.selenium.NoSuchElementException" message="Unable to locate element: {&amp;quot;method&amp;quot;:&amp;quot;name&amp;quot;,&amp;quot;selector&amp;quot;:&amp;quot;USER&amp;quot;}
Command duration or timeout: 9.46 seconds
For documentation on this error, please visit: http://seleniumhq.org/exceptions/no_such_element.html
Build info: version: &amp;apos;2.48.2&amp;apos;, revision: &amp;apos;41bccdd&amp;apos;, time: &amp;apos;2015-10-09 19:59:12&amp;apos;
System info: host: &amp;apos;D-184004960&amp;apos;, ip: &amp;apos;10.141.27.178&amp;apos;, os.name: &amp;apos;Windows 8.1&amp;apos;, os.arch: &amp;apos;amd64&amp;apos;, os.version: &amp;apos;6.3&amp;apos;, java.version: &amp;apos;1.8.0_91&amp;apos;
Driver info: org.openqa.selenium.firefox.FirefoxDriver
Capabilities [{applicationCacheEnabled=true, rotatable=false, handlesAlerts=true, databaseEnabled=true, version=44.0, platform=WINDOWS, nativeEvents=false, acceptSslCerts=true, webStorageEnabled=true, locationContextEnabled=true, browserName=firefox, takesScreenshot=true, javascriptEnabled=true, cssSelectorsEnabled=true}]
Session ID: 5f3ba6e9-18c0-44ac-b3fa-bae0ca795f6c
*** Element info: {Using=name, value=USER}">
      <![CDATA[org.openqa.selenium.NoSuchElementException: Unable to locate element: {"method":"name","selector":"USER"}
Command duration or timeout: 9.46 seconds
For documentation on this error, please visit: http://seleniumhq.org/exceptions/no_such_element.html
Build info: version: '2.48.2', revision: '41bccdd', time: '2015-10-09 19:59:12'
System info: host: 'D-184004960', ip: '10.141.27.178', os.name: 'Windows 8.1', os.arch: 'amd64', os.version: '6.3', java.version: '1.8.0_91'
Driver info: org.openqa.selenium.firefox.FirefoxDriver
Capabilities [{applicationCacheEnabled=true, rotatable=false, handlesAlerts=true, databaseEnabled=true, version=44.0, platform=WINDOWS, nativeEvents=false, acceptSslCerts=true, webStorageEnabled=true, locationContextEnabled=true, browserName=firefox, takesScreenshot=true, javascriptEnabled=true, cssSelectorsEnabled=true}]
Session ID: 5f3ba6e9-18c0-44ac-b3fa-bae0ca795f6c
*** Element info: {Using=name, value=USER}
	at org.openqa.selenium.remote.ErrorHandler.createThrowable(ErrorHandler.java:206)
	at org.openqa.selenium.remote.ErrorHandler.throwIfResponseFailed(ErrorHandler.java:158)
	at org.openqa.selenium.remote.RemoteWebDriver.execute(RemoteWebDriver.java:647)
	at org.openqa.selenium.remote.RemoteWebDriver.findElement(RemoteWebDriver.java:353)
	at org.openqa.selenium.remote.RemoteWebDriver.findElementByName(RemoteWebDriver.java:451)
	at org.openqa.selenium.By$ByName.findElement(By.java:303)
	at org.openqa.selenium.remote.RemoteWebDriver.findElement(RemoteWebDriver.java:345)
	at org.openqa.selenium.support.pagefactory.DefaultElementLocator.findElement(DefaultElementLocator.java:69)
	at org.openqa.selenium.support.pagefactory.internal.LocatingElementHandler.invoke(LocatingElementHandler.java:38)
	at com.sun.proxy.$Proxy8.sendKeys(Unknown Source)
	at com.lexmark.automation.test.PageObject.helper.LogIn_Page.Login(LogIn_Page.java:33)
	at com.mps.test.Test_PA_NewGlobalTag.setUp(Test_PA_NewGlobalTag.java:41)
Caused by: org.openqa.selenium.NoSuchElementException: Unable to locate element: {"method":"name","selector":"USER"}
For documentation on this error, please visit: http://seleniumhq.org/exceptions/no_such_element.html
Build info: version: '2.48.2', revision: '41bccdd', time: '2015-10-09 19:59:12'
System info: host: 'D-184004960', ip: '10.141.27.178', os.name: 'Windows 8.1', os.arch: 'amd64', os.version: '6.3', java.version: '1.8.0_91'
Driver info: driver.version: unknown
	at <anonymous class>.FirefoxDriver.prototype.findElementInternal_(file:///C:/Users/sanoaoa/AppData/Local/Temp/anonymous6744788297462731119webdriver-profile/extensions/fxdriver@googlecode.com/components/driver-component.js:10659)
	at <anonymous class>.FirefoxDriver.prototype.findElement(file:///C:/Users/sanoaoa/AppData/Local/Temp/anonymous6744788297462731119webdriver-profile/extensions/fxdriver@googlecode.com/components/driver-component.js:10668)
	at <anonymous class>.DelayedCommand.prototype.executeInternal_/h(file:///C:/Users/sanoaoa/AppData/Local/Temp/anonymous6744788297462731119webdriver-profile/extensions/fxdriver@googlecode.com/components/command-processor.js:12534)
	at <anonymous class>.DelayedCommand.prototype.executeInternal_(file:///C:/Users/sanoaoa/AppData/Local/Temp/anonymous6744788297462731119webdriver-profile/extensions/fxdriver@googlecode.com/components/command-processor.js:12539)
	at <anonymous class>.DelayedCommand.prototype.execute/<(file:///C:/Users/sanoaoa/AppData/Local/Temp/anonymous6744788297462731119webdriver-profile/extensions/fxdriver@googlecode.com/components/command-processor.js:12481)
... Removed 28 stack frames]]>
    </failure>
  </testcase> <!-- @BeforeClass setUp -->
  <testcase name="@AfterTest tearDown" time="0.0" classname="com.mps.test.CreateNewAddressTest">
    <failure type="org.openqa.selenium.UnhandledAlertException" message="Unexpected modal dialog (text: A script on this page may be busy, or it may have stopped responding. You can stop the script now, open the script in the debugger, or let the script continue.

Script: https://managedservices.qa.lexmark.com/mps.libs-min.js:2): A script on this page may be busy, or it may have stopped responding. You can stop the script now, open the script in the debugger, or let the script continue.

Script: https://managedservices.qa.lexmark.com/mps.libs-min.js:2
Build info: version: &amp;apos;2.48.2&amp;apos;, revision: &amp;apos;41bccdd&amp;apos;, time: &amp;apos;2015-10-09 19:59:12&amp;apos;
System info: host: &amp;apos;D-184004960&amp;apos;, ip: &amp;apos;10.141.27.178&amp;apos;, os.name: &amp;apos;Windows 8.1&amp;apos;, os.arch: &amp;apos;amd64&amp;apos;, os.version: &amp;apos;6.3&amp;apos;, java.version: &amp;apos;1.8.0_91&amp;apos;
Driver info: org.openqa.selenium.firefox.FirefoxDriver
Capabilities [{applicationCacheEnabled=true, rotatable=false, handlesAlerts=true, databaseEnabled=true, version=44.0, platform=WINDOWS, nativeEvents=false, acceptSslCerts=true, webStorageEnabled=true, locationContextEnabled=true, browserName=firefox, takesScreenshot=true, javascriptEnabled=true, cssSelectorsEnabled=true}]
Session ID: 0791069c-5b68-4c45-b6c6-4b3d08966158">
      <![CDATA[org.openqa.selenium.UnhandledAlertException: Unexpected modal dialog (text: A script on this page may be busy, or it may have stopped responding. You can stop the script now, open the script in the debugger, or let the script continue.

Script: https://managedservices.qa.lexmark.com/mps.libs-min.js:2): A script on this page may be busy, or it may have stopped responding. You can stop the script now, open the script in the debugger, or let the script continue.

Script: https://managedservices.qa.lexmark.com/mps.libs-min.js:2
Build info: version: '2.48.2', revision: '41bccdd', time: '2015-10-09 19:59:12'
System info: host: 'D-184004960', ip: '10.141.27.178', os.name: 'Windows 8.1', os.arch: 'amd64', os.version: '6.3', java.version: '1.8.0_91'
Driver info: org.openqa.selenium.firefox.FirefoxDriver
Capabilities [{applicationCacheEnabled=true, rotatable=false, handlesAlerts=true, databaseEnabled=true, version=44.0, platform=WINDOWS, nativeEvents=false, acceptSslCerts=true, webStorageEnabled=true, locationContextEnabled=true, browserName=firefox, takesScreenshot=true, javascriptEnabled=true, cssSelectorsEnabled=true}]
Session ID: 0791069c-5b68-4c45-b6c6-4b3d08966158
	at org.openqa.selenium.remote.ErrorHandler.createThrowable(ErrorHandler.java:206)
	at org.openqa.selenium.remote.ErrorHandler.createUnhandledAlertException(ErrorHandler.java:187)
	at org.openqa.selenium.remote.ErrorHandler.throwIfResponseFailed(ErrorHandler.java:154)
	at org.openqa.selenium.remote.RemoteWebDriver.execute(RemoteWebDriver.java:647)
	at org.openqa.selenium.remote.RemoteWebDriver.execute(RemoteWebDriver.java:670)
	at org.openqa.selenium.remote.RemoteWebDriver.close(RemoteWebDriver.java:511)
	at com.mps.test.CreateNewAddressTest.tearDown(CreateNewAddressTest.java:159)
... Removed 26 stack frames]]>
    </failure>
  </testcase> <!-- @AfterTest tearDown -->
  <testcase name="@AfterTest logOut" time="0.0" classname="com.mps.test.CreateNewAddressTest">
    <skipped/>
  </testcase> <!-- @AfterTest logOut -->
  <testcase name="@AfterTest logout" time="0.0" classname="com.mps.test.CreateNewAddressTest">
    <skipped/>
  </testcase> <!-- @AfterTest logout -->
  <testcase name="@AfterTest tearDown" time="0.0" classname="com.mps.test.CreateNewAddressTest">
    <skipped/>
  </testcase> <!-- @AfterTest tearDown -->
  <testcase name="@AfterTest tearDown" time="0.0" classname="com.mps.test.CreateNewAddressTest">
    <skipped/>
  </testcase> <!-- @AfterTest tearDown -->
  <testcase name="@AfterTest Logout" time="0.0" classname="com.mps.test.CreateNewAddressTest">
    <skipped/>
  </testcase> <!-- @AfterTest Logout -->
  <testcase name="@AfterTest tearDown" time="0.0" classname="com.mps.test.CreateNewAddressTest">
    <skipped/>
  </testcase> <!-- @AfterTest tearDown -->
  <testcase name="@AfterTest logout" time="0.0" classname="com.mps.test.CreateNewAddressTest">
    <skipped/>
  </testcase> <!-- @AfterTest logout -->
  <testcase name="@AfterTest tearDown" time="0.0" classname="com.mps.test.CreateNewAddressTest">
    <skipped/>
  </testcase> <!-- @AfterTest tearDown -->
  <testcase name="@AfterTest tearDown" time="0.0" classname="com.mps.test.CreateNewAddressTest">
    <skipped/>
  </testcase> <!-- @AfterTest tearDown -->
  <testcase name="@AfterTest tearDown" time="0.0" classname="com.mps.test.CreateNewAddressTest">
    <skipped/>
  </testcase> <!-- @AfterTest tearDown -->
  <testcase name="@AfterTest Logout" time="0.0" classname="com.mps.test.CreateNewAddressTest">
    <skipped/>
  </testcase> <!-- @AfterTest Logout -->
  <testcase name="@AfterTest tearDown" time="0.0" classname="com.mps.test.CreateNewAddressTest">
    <skipped/>
  </testcase> <!-- @AfterTest tearDown -->
  <testcase name="@AfterTest tearDown" time="0.0" classname="com.mps.test.CreateNewAddressTest">
    <skipped/>
  </testcase> <!-- @AfterTest tearDown -->
  <testcase name="@AfterTest tearDown" time="0.0" classname="com.mps.test.CreateNewAddressTest">
    <skipped/>
  </testcase> <!-- @AfterTest tearDown -->
  <testcase name="@AfterTest tearDown" time="0.0" classname="com.mps.test.CreateNewAddressTest">
    <skipped/>
  </testcase> <!-- @AfterTest tearDown -->
  <testcase name="@AfterTest tearDown" time="0.0" classname="com.mps.test.CreateNewAddressTest">
    <skipped/>
  </testcase> <!-- @AfterTest tearDown -->
  <testcase name="@AfterTest tearDown" time="0.0" classname="com.mps.test.CreateNewAddressTest">
    <skipped/>
  </testcase> <!-- @AfterTest tearDown -->
  <testcase name="@AfterTest tearDown" time="0.0" classname="com.mps.test.CreateNewAddressTest">
    <skipped/>
  </testcase> <!-- @AfterTest tearDown -->
  <testcase name="@AfterTest tearDown" time="0.0" classname="com.mps.test.CreateNewAddressTest">
    <skipped/>
  </testcase> <!-- @AfterTest tearDown -->
  <testcase name="@AfterTest tearDown" time="0.0" classname="com.mps.test.CreateNewAddressTest">
    <skipped/>
  </testcase> <!-- @AfterTest tearDown -->
  <testcase name="@AfterTest tearDown" time="0.0" classname="com.mps.test.CreateNewAddressTest">
    <skipped/>
  </testcase> <!-- @AfterTest tearDown -->
  <testcase name="CreateNewAddress_Test" time="54.711" classname="com.mps.test.CreateNewAddressTest">
    <failure type="java.lang.AssertionError" message="expected [Submitted] but found [Details for Add Address Request Number: 1-167726688361
PrintExport]">
      <![CDATA[java.lang.AssertionError: expected [Submitted] but found [Details for Add Address Request Number: 1-167726688361
PrintExport]
	at com.mps.test.CreateNewAddressTest.CreateNewAddress_Test(CreateNewAddressTest.java:121)
... Removed 29 stack frames]]>
    </failure>
  </testcase> <!-- CreateNewAddress_Test -->
  <testcase name="CreateServiceReqst_BF" time="31.352" classname="com.mps.test.CreateServiceRequestBF">
    <failure type="org.openqa.selenium.StaleElementReferenceException" message="Element not found in the cache - perhaps the page has changed since it was looked up
Command duration or timeout: 11.02 seconds
For documentation on this error, please visit: http://seleniumhq.org/exceptions/stale_element_reference.html
Build info: version: &amp;apos;2.48.2&amp;apos;, revision: &amp;apos;41bccdd&amp;apos;, time: &amp;apos;2015-10-09 19:59:12&amp;apos;
System info: host: &amp;apos;D-184004960&amp;apos;, ip: &amp;apos;10.141.27.178&amp;apos;, os.name: &amp;apos;Windows 8.1&amp;apos;, os.arch: &amp;apos;amd64&amp;apos;, os.version: &amp;apos;6.3&amp;apos;, java.version: &amp;apos;1.8.0_91&amp;apos;
Driver info: org.openqa.selenium.firefox.FirefoxDriver
Capabilities [{applicationCacheEnabled=true, rotatable=false, handlesAlerts=true, databaseEnabled=true, version=44.0, platform=WINDOWS, nativeEvents=false, acceptSslCerts=true, webStorageEnabled=true, locationContextEnabled=true, browserName=firefox, takesScreenshot=true, javascriptEnabled=true, cssSelectorsEnabled=true}]
Session ID: 7b6f4934-f461-47c4-9567-2fca44b0b9e1">
      <![CDATA[org.openqa.selenium.StaleElementReferenceException: Element not found in the cache - perhaps the page has changed since it was looked up
Command duration or timeout: 11.02 seconds
For documentation on this error, please visit: http://seleniumhq.org/exceptions/stale_element_reference.html
Build info: version: '2.48.2', revision: '41bccdd', time: '2015-10-09 19:59:12'
System info: host: 'D-184004960', ip: '10.141.27.178', os.name: 'Windows 8.1', os.arch: 'amd64', os.version: '6.3', java.version: '1.8.0_91'
Driver info: org.openqa.selenium.firefox.FirefoxDriver
Capabilities [{applicationCacheEnabled=true, rotatable=false, handlesAlerts=true, databaseEnabled=true, version=44.0, platform=WINDOWS, nativeEvents=false, acceptSslCerts=true, webStorageEnabled=true, locationContextEnabled=true, browserName=firefox, takesScreenshot=true, javascriptEnabled=true, cssSelectorsEnabled=true}]
Session ID: 7b6f4934-f461-47c4-9567-2fca44b0b9e1
	at org.openqa.selenium.remote.ErrorHandler.createThrowable(ErrorHandler.java:206)
	at org.openqa.selenium.remote.ErrorHandler.throwIfResponseFailed(ErrorHandler.java:158)
	at org.openqa.selenium.remote.RemoteWebDriver.execute(RemoteWebDriver.java:647)
	at org.openqa.selenium.remote.RemoteWebElement.execute(RemoteWebElement.java:326)
	at org.openqa.selenium.remote.RemoteWebElement.getText(RemoteWebElement.java:178)
	at org.openqa.selenium.support.pagefactory.internal.LocatingElementHandler.invoke(LocatingElementHandler.java:51)
	at com.sun.proxy.$Proxy8.getText(Unknown Source)
	at com.mps.test.CreateServiceRequestBF.CreateServiceReqst_BF(CreateServiceRequestBF.java:97)
Caused by: org.openqa.selenium.StaleElementReferenceException: Element not found in the cache - perhaps the page has changed since it was looked up
For documentation on this error, please visit: http://seleniumhq.org/exceptions/stale_element_reference.html
Build info: version: '2.48.2', revision: '41bccdd', time: '2015-10-09 19:59:12'
System info: host: 'D-184004960', ip: '10.141.27.178', os.name: 'Windows 8.1', os.arch: 'amd64', os.version: '6.3', java.version: '1.8.0_91'
Driver info: driver.version: unknown
	at <anonymous class>.fxdriver.cache.getElementAt(resource://fxdriver/modules/web-element-cache.js:9351)
	at <anonymous class>.Utils.getElementAt(file:///C:/Users/sanoaoa/AppData/Local/Temp/anonymous8115707827037971175webdriver-profile/extensions/fxdriver@googlecode.com/components/command-processor.js:8978)
	at <anonymous class>.WebElement.getElementText(file:///C:/Users/sanoaoa/AppData/Local/Temp/anonymous8115707827037971175webdriver-profile/extensions/fxdriver@googlecode.com/components/command-processor.js:11965)
	at <anonymous class>.DelayedCommand.prototype.executeInternal_/h(file:///C:/Users/sanoaoa/AppData/Local/Temp/anonymous8115707827037971175webdriver-profile/extensions/fxdriver@googlecode.com/components/command-processor.js:12534)
	at <anonymous class>.fxdriver.Timer.prototype.setTimeout/<.notify(file:///C:/Users/sanoaoa/AppData/Local/Temp/anonymous8115707827037971175webdriver-profile/extensions/fxdriver@googlecode.com/components/command-processor.js:621)
... Removed 32 stack frames]]>
    </failure>
  </testcase> <!-- CreateServiceReqst_BF -->
  <testcase name="InActivatingUser" time="144.308" classname="com.mps.test.DA_Disable_user_Reactivate"/>
  <testcase name="RemoveDeviceTest" time="51.193" classname="com.mps.test.RemoveDevice"/>
  <testcase name="CreateNewUserTest" time="53.56" classname="com.mps.test.Test_DA_CreateNewExternalUser"/>
  <testcase name="deleteContact" time="0.002" classname="com.mps.test.Test_RemoveContact">
    <skipped/>
  </testcase> <!-- deleteContact -->
  <testcase name="RemoveAddressTest" time="61.259" classname="com.mps.test.Test_RemoveAddress">
    <failure type="java.lang.AssertionError" message="expected [Submitted] but found [Details for Delete Address Request Number: 1-167726880721
PrintExport]">
      <![CDATA[java.lang.AssertionError: expected [Submitted] but found [Details for Delete Address Request Number: 1-167726880721
PrintExport]
	at com.mps.test.Test_RemoveAddress.RemoveAddressTest(Test_RemoveAddress.java:92)
... Removed 29 stack frames]]>
    </failure>
  </testcase> <!-- RemoveAddressTest -->
  <testcase name="CreateNewUserTest" time="62.595" classname="com.mps.test.userCreationTest"/>
  <testcase name="orderSupplies" time="101.108" classname="com.mps.test.Test_UpdateUser"/>
  <testcase name="deviceOverview" time="0.001" classname="com.mps.test.Test_DeviceOverview_ServiceRequest">
    <skipped/>
  </testcase> <!-- deviceOverview -->
  <testcase name="registerDevice" time="82.803" classname="com.mps.test.Test_MADC_Lexmark_AddDevice"/>
  <testcase name="registerDevice" time="73.277" classname="com.mps.test.Test_MADC_NonLexmark_AddDevice"/>
  <testcase name="registerDevice" time="74.359" classname="com.mps.test.Test_ChangeDevice_MultipleDevices"/>
  <testcase name="createTag" time="0.001" classname="com.mps.test.Test_PA_NewGlobalTag">
    <skipped/>
  </testcase> <!-- createTag -->
  <testcase name="createTag" time="57.525" classname="com.mps.test.Test_PA_UpdateOthersDoc">
    <failure type="org.openqa.selenium.NoSuchElementException" message="Unable to locate element: {&amp;quot;method&amp;quot;:&amp;quot;xpath&amp;quot;,&amp;quot;selector&amp;quot;:&amp;quot;//tr[2]/td&amp;quot;}
Command duration or timeout: 35 milliseconds
For documentation on this error, please visit: http://seleniumhq.org/exceptions/no_such_element.html
Build info: version: &amp;apos;2.48.2&amp;apos;, revision: &amp;apos;41bccdd&amp;apos;, time: &amp;apos;2015-10-09 19:59:12&amp;apos;
System info: host: &amp;apos;D-184004960&amp;apos;, ip: &amp;apos;10.141.27.178&amp;apos;, os.name: &amp;apos;Windows 8.1&amp;apos;, os.arch: &amp;apos;amd64&amp;apos;, os.version: &amp;apos;6.3&amp;apos;, java.version: &amp;apos;1.8.0_91&amp;apos;
Driver info: org.openqa.selenium.firefox.FirefoxDriver
Capabilities [{applicationCacheEnabled=true, rotatable=false, handlesAlerts=true, databaseEnabled=true, version=44.0, platform=WINDOWS, nativeEvents=false, acceptSslCerts=true, webStorageEnabled=true, locationContextEnabled=true, browserName=firefox, takesScreenshot=true, javascriptEnabled=true, cssSelectorsEnabled=true}]
Session ID: 8a3fecb4-7d02-4930-aea7-09f2813717d7
*** Element info: {Using=xpath, value=//tr[2]/td}">
      <![CDATA[org.openqa.selenium.NoSuchElementException: Unable to locate element: {"method":"xpath","selector":"//tr[2]/td"}
Command duration or timeout: 35 milliseconds
For documentation on this error, please visit: http://seleniumhq.org/exceptions/no_such_element.html
Build info: version: '2.48.2', revision: '41bccdd', time: '2015-10-09 19:59:12'
System info: host: 'D-184004960', ip: '10.141.27.178', os.name: 'Windows 8.1', os.arch: 'amd64', os.version: '6.3', java.version: '1.8.0_91'
Driver info: org.openqa.selenium.firefox.FirefoxDriver
Capabilities [{applicationCacheEnabled=true, rotatable=false, handlesAlerts=true, databaseEnabled=true, version=44.0, platform=WINDOWS, nativeEvents=false, acceptSslCerts=true, webStorageEnabled=true, locationContextEnabled=true, browserName=firefox, takesScreenshot=true, javascriptEnabled=true, cssSelectorsEnabled=true}]
Session ID: 8a3fecb4-7d02-4930-aea7-09f2813717d7
*** Element info: {Using=xpath, value=//tr[2]/td}
	at org.openqa.selenium.remote.ErrorHandler.createThrowable(ErrorHandler.java:206)
	at org.openqa.selenium.remote.ErrorHandler.throwIfResponseFailed(ErrorHandler.java:158)
	at org.openqa.selenium.remote.RemoteWebDriver.execute(RemoteWebDriver.java:647)
	at org.openqa.selenium.remote.RemoteWebDriver.findElement(RemoteWebDriver.java:353)
	at org.openqa.selenium.remote.RemoteWebDriver.findElementByXPath(RemoteWebDriver.java:490)
	at org.openqa.selenium.By$ByXPath.findElement(By.java:361)
	at org.openqa.selenium.remote.RemoteWebDriver.findElement(RemoteWebDriver.java:345)
	at com.mps.test.Test_PA_UpdateOthersDoc.createTag(Test_PA_UpdateOthersDoc.java:84)
Caused by: org.openqa.selenium.NoSuchElementException: Unable to locate element: {"method":"xpath","selector":"//tr[2]/td"}
For documentation on this error, please visit: http://seleniumhq.org/exceptions/no_such_element.html
Build info: version: '2.48.2', revision: '41bccdd', time: '2015-10-09 19:59:12'
System info: host: 'D-184004960', ip: '10.141.27.178', os.name: 'Windows 8.1', os.arch: 'amd64', os.version: '6.3', java.version: '1.8.0_91'
Driver info: driver.version: unknown
	at <anonymous class>.FirefoxDriver.prototype.findElementInternal_(file:///C:/Users/sanoaoa/AppData/Local/Temp/anonymous7968468958632878015webdriver-profile/extensions/fxdriver@googlecode.com/components/driver-component.js:10659)
	at <anonymous class>.FirefoxDriver.prototype.findElement(file:///C:/Users/sanoaoa/AppData/Local/Temp/anonymous7968468958632878015webdriver-profile/extensions/fxdriver@googlecode.com/components/driver-component.js:10668)
	at <anonymous class>.DelayedCommand.prototype.executeInternal_/h(file:///C:/Users/sanoaoa/AppData/Local/Temp/anonymous7968468958632878015webdriver-profile/extensions/fxdriver@googlecode.com/components/command-processor.js:12534)
	at <anonymous class>.DelayedCommand.prototype.executeInternal_(file:///C:/Users/sanoaoa/AppData/Local/Temp/anonymous7968468958632878015webdriver-profile/extensions/fxdriver@googlecode.com/components/command-processor.js:12539)
	at <anonymous class>.DelayedCommand.prototype.execute/<(file:///C:/Users/sanoaoa/AppData/Local/Temp/anonymous7968468958632878015webdriver-profile/extensions/fxdriver@googlecode.com/components/command-processor.js:12481)
... Removed 28 stack frames]]>
    </failure>
  </testcase> <!-- createTag -->
  <testcase name="verifyServiceReqLinks" time="90.092" classname="com.mps.test.TestManagedServicesVerification"/>
  <testcase name="OrderShippedStatus" time="32.965" classname="com.mps.test.Test_Consumables_Ordr_Shipped"/>
  <testcase name="updateContact" time="36.067" classname="com.mps.test.Test_AddShippingLink"/>
  <testcase name="accessoriesRequest" time="130.075" classname="com.mps.test.Test_Orders_AccessoriesRequest_ShipAndBill"/>
  <testcase name="UpdatePageCount" time="48.652" classname="com.mps.test.Test_PageCountUpdate"/>
  <testcase name="homePageNotification" time="167.687" classname="com.mps.test.Test_PortalAdmin_HomePageNotification"/>
  <testcase name="homePageNotification" time="110.369" classname="com.mps.test.Test_PrinterBundle_LexmarkTOInstallation"/>
  <testcase name="deviceOverview" time="17.901" classname="com.mps.test.Test_DeviceList">
    <failure type="org.junit.ComparisonFailure" message="expected:&amp;lt;6[29607] Pages&amp;gt; but was:&amp;lt;6[61,994] Pages&amp;gt;">
      <![CDATA[org.junit.ComparisonFailure: expected:<6[29607] Pages> but was:<6[61,994] Pages>
	at org.junit.Assert.assertEquals(Assert.java:115)
	at org.junit.Assert.assertEquals(Assert.java:144)
	at com.mps.test.Test_DeviceList.deviceOverview(Test_DeviceList.java:88)
... Removed 24 stack frames]]>
    </failure>
  </testcase> <!-- deviceOverview -->
  <testcase name="updateContact" time="70.932" classname="com.mps.test.Test_DeviceMove">
    <failure type="org.openqa.selenium.NoSuchElementException" message="Unable to locate element: {&amp;quot;method&amp;quot;:&amp;quot;xpath&amp;quot;,&amp;quot;selector&amp;quot;:&amp;quot;/html/body/div[1]/div/div/div/div/div[2]/form/div[1]/div[5]/input&amp;quot;}
Command duration or timeout: 20.08 seconds
For documentation on this error, please visit: http://seleniumhq.org/exceptions/no_such_element.html
Build info: version: &amp;apos;2.48.2&amp;apos;, revision: &amp;apos;41bccdd&amp;apos;, time: &amp;apos;2015-10-09 19:59:12&amp;apos;
System info: host: &amp;apos;D-184004960&amp;apos;, ip: &amp;apos;10.141.27.178&amp;apos;, os.name: &amp;apos;Windows 8.1&amp;apos;, os.arch: &amp;apos;amd64&amp;apos;, os.version: &amp;apos;6.3&amp;apos;, java.version: &amp;apos;1.8.0_91&amp;apos;
Driver info: org.openqa.selenium.firefox.FirefoxDriver
Capabilities [{applicationCacheEnabled=true, rotatable=false, handlesAlerts=true, databaseEnabled=true, version=44.0, platform=WINDOWS, nativeEvents=false, acceptSslCerts=true, webStorageEnabled=true, locationContextEnabled=true, browserName=firefox, takesScreenshot=true, javascriptEnabled=true, cssSelectorsEnabled=true}]
Session ID: 0525a1e7-8539-4166-a4c3-e1f40e62499b
*** Element info: {Using=xpath, value=/html/body/div[1]/div/div/div/div/div[2]/form/div[1]/div[5]/input}">
      <![CDATA[org.openqa.selenium.NoSuchElementException: Unable to locate element: {"method":"xpath","selector":"/html/body/div[1]/div/div/div/div/div[2]/form/div[1]/div[5]/input"}
Command duration or timeout: 20.08 seconds
For documentation on this error, please visit: http://seleniumhq.org/exceptions/no_such_element.html
Build info: version: '2.48.2', revision: '41bccdd', time: '2015-10-09 19:59:12'
System info: host: 'D-184004960', ip: '10.141.27.178', os.name: 'Windows 8.1', os.arch: 'amd64', os.version: '6.3', java.version: '1.8.0_91'
Driver info: org.openqa.selenium.firefox.FirefoxDriver
Capabilities [{applicationCacheEnabled=true, rotatable=false, handlesAlerts=true, databaseEnabled=true, version=44.0, platform=WINDOWS, nativeEvents=false, acceptSslCerts=true, webStorageEnabled=true, locationContextEnabled=true, browserName=firefox, takesScreenshot=true, javascriptEnabled=true, cssSelectorsEnabled=true}]
Session ID: 0525a1e7-8539-4166-a4c3-e1f40e62499b
*** Element info: {Using=xpath, value=/html/body/div[1]/div/div/div/div/div[2]/form/div[1]/div[5]/input}
	at org.openqa.selenium.remote.ErrorHandler.createThrowable(ErrorHandler.java:206)
	at org.openqa.selenium.remote.ErrorHandler.throwIfResponseFailed(ErrorHandler.java:158)
	at org.openqa.selenium.remote.RemoteWebDriver.execute(RemoteWebDriver.java:647)
	at org.openqa.selenium.remote.RemoteWebDriver.findElement(RemoteWebDriver.java:353)
	at org.openqa.selenium.remote.RemoteWebDriver.findElementByXPath(RemoteWebDriver.java:490)
	at org.openqa.selenium.By$ByXPath.findElement(By.java:361)
	at org.openqa.selenium.remote.RemoteWebDriver.findElement(RemoteWebDriver.java:345)
	at org.openqa.selenium.support.pagefactory.DefaultElementLocator.findElement(DefaultElementLocator.java:69)
	at org.openqa.selenium.support.pagefactory.internal.LocatingElementHandler.invoke(LocatingElementHandler.java:38)
	at com.sun.proxy.$Proxy8.sendKeys(Unknown Source)
	at com.mps.test.Test_DeviceMove.updateContact(Test_DeviceMove.java:68)
Caused by: org.openqa.selenium.NoSuchElementException: Unable to locate element: {"method":"xpath","selector":"/html/body/div[1]/div/div/div/div/div[2]/form/div[1]/div[5]/input"}
For documentation on this error, please visit: http://seleniumhq.org/exceptions/no_such_element.html
Build info: version: '2.48.2', revision: '41bccdd', time: '2015-10-09 19:59:12'
System info: host: 'D-184004960', ip: '10.141.27.178', os.name: 'Windows 8.1', os.arch: 'amd64', os.version: '6.3', java.version: '1.8.0_91'
Driver info: driver.version: unknown
	at <anonymous class>.FirefoxDriver.prototype.findElementInternal_(file:///C:/Users/sanoaoa/AppData/Local/Temp/anonymous3194461432711547096webdriver-profile/extensions/fxdriver@googlecode.com/components/driver-component.js:10659)
	at <anonymous class>.fxdriver.Timer.prototype.setTimeout/<.notify(file:///C:/Users/sanoaoa/AppData/Local/Temp/anonymous3194461432711547096webdriver-profile/extensions/fxdriver@googlecode.com/components/driver-component.js:621)
... Removed 28 stack frames]]>
    </failure>
  </testcase> <!-- updateContact -->
  <testcase name="orderSupplies" time="47.21" classname="com.mps.test.Test_DeviceOrderSupplies"/>
  <testcase name="verifyOrdersLinks" time="15.522" classname="com.mps.test.TestManagedServicesVerification">
    <failure type="java.lang.StringIndexOutOfBoundsException" message="String index out of range: 18">
      <![CDATA[java.lang.StringIndexOutOfBoundsException: String index out of range: 18
	at java.lang.String.substring(Unknown Source)
	at com.mps.test.TestManagedServicesVerification.verifyOrdersLinks(TestManagedServicesVerification.java:87)
... Removed 24 stack frames]]>
    </failure>
  </testcase> <!-- verifyOrdersLinks -->
  <testcase name="authorizationVerification" time="131.011" classname="com.mps.test.AccountSelectionTest"/>
  <testcase name="deviceSupplyOrder" time="33.682" classname="com.mps.test.Test_DeviceOrderSupplies">
    <failure type="org.openqa.selenium.NoSuchElementException" message="Unable to locate element: {&amp;quot;method&amp;quot;:&amp;quot;link text&amp;quot;,&amp;quot;selector&amp;quot;:&amp;quot;orderTab&amp;quot;}
Command duration or timeout: 20.35 seconds
For documentation on this error, please visit: http://seleniumhq.org/exceptions/no_such_element.html
Build info: version: &amp;apos;2.48.2&amp;apos;, revision: &amp;apos;41bccdd&amp;apos;, time: &amp;apos;2015-10-09 19:59:12&amp;apos;
System info: host: &amp;apos;D-184004960&amp;apos;, ip: &amp;apos;10.141.27.178&amp;apos;, os.name: &amp;apos;Windows 8.1&amp;apos;, os.arch: &amp;apos;amd64&amp;apos;, os.version: &amp;apos;6.3&amp;apos;, java.version: &amp;apos;1.8.0_91&amp;apos;
Driver info: org.openqa.selenium.firefox.FirefoxDriver
Capabilities [{applicationCacheEnabled=true, rotatable=false, handlesAlerts=true, databaseEnabled=true, version=44.0, platform=WINDOWS, nativeEvents=false, acceptSslCerts=true, webStorageEnabled=true, locationContextEnabled=true, browserName=firefox, takesScreenshot=true, javascriptEnabled=true, cssSelectorsEnabled=true}]
Session ID: 762a9a69-38f0-4ab9-b800-1dc6ded271c5
*** Element info: {Using=link text, value=orderTab}">
      <![CDATA[org.openqa.selenium.NoSuchElementException: Unable to locate element: {"method":"link text","selector":"orderTab"}
Command duration or timeout: 20.35 seconds
For documentation on this error, please visit: http://seleniumhq.org/exceptions/no_such_element.html
Build info: version: '2.48.2', revision: '41bccdd', time: '2015-10-09 19:59:12'
System info: host: 'D-184004960', ip: '10.141.27.178', os.name: 'Windows 8.1', os.arch: 'amd64', os.version: '6.3', java.version: '1.8.0_91'
Driver info: org.openqa.selenium.firefox.FirefoxDriver
Capabilities [{applicationCacheEnabled=true, rotatable=false, handlesAlerts=true, databaseEnabled=true, version=44.0, platform=WINDOWS, nativeEvents=false, acceptSslCerts=true, webStorageEnabled=true, locationContextEnabled=true, browserName=firefox, takesScreenshot=true, javascriptEnabled=true, cssSelectorsEnabled=true}]
Session ID: 762a9a69-38f0-4ab9-b800-1dc6ded271c5
*** Element info: {Using=link text, value=orderTab}
	at org.openqa.selenium.remote.ErrorHandler.createThrowable(ErrorHandler.java:206)
	at org.openqa.selenium.remote.ErrorHandler.throwIfResponseFailed(ErrorHandler.java:158)
	at org.openqa.selenium.remote.RemoteWebDriver.execute(RemoteWebDriver.java:647)
	at org.openqa.selenium.remote.RemoteWebDriver.findElement(RemoteWebDriver.java:353)
	at org.openqa.selenium.remote.RemoteWebDriver.findElementByLinkText(RemoteWebDriver.java:418)
	at org.openqa.selenium.By$ByLinkText.findElement(By.java:246)
	at org.openqa.selenium.remote.RemoteWebDriver.findElement(RemoteWebDriver.java:345)
	at org.openqa.selenium.support.pagefactory.DefaultElementLocator.findElement(DefaultElementLocator.java:69)
	at org.openqa.selenium.support.pagefactory.internal.LocatingElementHandler.invoke(LocatingElementHandler.java:38)
	at com.sun.proxy.$Proxy8.click(Unknown Source)
	at com.mps.test.Test_DeviceOrderSupplies.deviceSupplyOrder(Test_DeviceOrderSupplies.java:106)
Caused by: org.openqa.selenium.NoSuchElementException: Unable to locate element: {"method":"link text","selector":"orderTab"}
For documentation on this error, please visit: http://seleniumhq.org/exceptions/no_such_element.html
Build info: version: '2.48.2', revision: '41bccdd', time: '2015-10-09 19:59:12'
System info: host: 'D-184004960', ip: '10.141.27.178', os.name: 'Windows 8.1', os.arch: 'amd64', os.version: '6.3', java.version: '1.8.0_91'
Driver info: driver.version: unknown
	at <anonymous class>.FirefoxDriver.prototype.findElementInternal_(file:///C:/Users/sanoaoa/AppData/Local/Temp/anonymous8827481961486420783webdriver-profile/extensions/fxdriver@googlecode.com/components/driver-component.js:10659)
	at <anonymous class>.fxdriver.Timer.prototype.setTimeout/<.notify(file:///C:/Users/sanoaoa/AppData/Local/Temp/anonymous8827481961486420783webdriver-profile/extensions/fxdriver@googlecode.com/components/driver-component.js:621)
... Removed 28 stack frames]]>
    </failure>
  </testcase> <!-- deviceSupplyOrder -->
  <testcase name="verifyDeviceChangeReqLinks" time="20.799" classname="com.mps.test.TestManagedServicesVerification">
    <failure type="org.openqa.selenium.NoSuchElementException" message="Unable to locate element: {&amp;quot;method&amp;quot;:&amp;quot;xpath&amp;quot;,&amp;quot;selector&amp;quot;:&amp;quot;//div[3]/div/div[2]/a/h1/span&amp;quot;}
Command duration or timeout: 20.80 seconds
For documentation on this error, please visit: http://seleniumhq.org/exceptions/no_such_element.html
Build info: version: &amp;apos;2.48.2&amp;apos;, revision: &amp;apos;41bccdd&amp;apos;, time: &amp;apos;2015-10-09 19:59:12&amp;apos;
System info: host: &amp;apos;D-184004960&amp;apos;, ip: &amp;apos;10.141.27.178&amp;apos;, os.name: &amp;apos;Windows 8.1&amp;apos;, os.arch: &amp;apos;amd64&amp;apos;, os.version: &amp;apos;6.3&amp;apos;, java.version: &amp;apos;1.8.0_91&amp;apos;
Driver info: org.openqa.selenium.firefox.FirefoxDriver
Capabilities [{applicationCacheEnabled=true, rotatable=false, handlesAlerts=true, databaseEnabled=true, version=44.0, platform=WINDOWS, nativeEvents=false, acceptSslCerts=true, webStorageEnabled=true, locationContextEnabled=true, browserName=firefox, takesScreenshot=true, javascriptEnabled=true, cssSelectorsEnabled=true}]
Session ID: af367644-e8a5-4dec-97ca-5853a4d89732
*** Element info: {Using=xpath, value=//div[3]/div/div[2]/a/h1/span}">
      <![CDATA[org.openqa.selenium.NoSuchElementException: Unable to locate element: {"method":"xpath","selector":"//div[3]/div/div[2]/a/h1/span"}
Command duration or timeout: 20.80 seconds
For documentation on this error, please visit: http://seleniumhq.org/exceptions/no_such_element.html
Build info: version: '2.48.2', revision: '41bccdd', time: '2015-10-09 19:59:12'
System info: host: 'D-184004960', ip: '10.141.27.178', os.name: 'Windows 8.1', os.arch: 'amd64', os.version: '6.3', java.version: '1.8.0_91'
Driver info: org.openqa.selenium.firefox.FirefoxDriver
Capabilities [{applicationCacheEnabled=true, rotatable=false, handlesAlerts=true, databaseEnabled=true, version=44.0, platform=WINDOWS, nativeEvents=false, acceptSslCerts=true, webStorageEnabled=true, locationContextEnabled=true, browserName=firefox, takesScreenshot=true, javascriptEnabled=true, cssSelectorsEnabled=true}]
Session ID: af367644-e8a5-4dec-97ca-5853a4d89732
*** Element info: {Using=xpath, value=//div[3]/div/div[2]/a/h1/span}
	at org.openqa.selenium.remote.ErrorHandler.createThrowable(ErrorHandler.java:206)
	at org.openqa.selenium.remote.ErrorHandler.throwIfResponseFailed(ErrorHandler.java:158)
	at org.openqa.selenium.remote.RemoteWebDriver.execute(RemoteWebDriver.java:647)
	at org.openqa.selenium.remote.RemoteWebDriver.findElement(RemoteWebDriver.java:353)
	at org.openqa.selenium.remote.RemoteWebDriver.findElementByXPath(RemoteWebDriver.java:490)
	at org.openqa.selenium.By$ByXPath.findElement(By.java:361)
	at org.openqa.selenium.remote.RemoteWebDriver.findElement(RemoteWebDriver.java:345)
	at org.openqa.selenium.support.pagefactory.DefaultElementLocator.findElement(DefaultElementLocator.java:69)
	at org.openqa.selenium.support.pagefactory.internal.LocatingElementHandler.invoke(LocatingElementHandler.java:38)
	at com.sun.proxy.$Proxy8.getText(Unknown Source)
	at com.mps.test.TestManagedServicesVerification.verifyDeviceChangeReqLinks(TestManagedServicesVerification.java:122)
Caused by: org.openqa.selenium.NoSuchElementException: Unable to locate element: {"method":"xpath","selector":"//div[3]/div/div[2]/a/h1/span"}
For documentation on this error, please visit: http://seleniumhq.org/exceptions/no_such_element.html
Build info: version: '2.48.2', revision: '41bccdd', time: '2015-10-09 19:59:12'
System info: host: 'D-184004960', ip: '10.141.27.178', os.name: 'Windows 8.1', os.arch: 'amd64', os.version: '6.3', java.version: '1.8.0_91'
Driver info: driver.version: unknown
	at <anonymous class>.FirefoxDriver.prototype.findElementInternal_(file:///C:/Users/sanoaoa/AppData/Local/Temp/anonymous8782904691082120401webdriver-profile/extensions/fxdriver@googlecode.com/components/driver-component.js:10659)
	at <anonymous class>.fxdriver.Timer.prototype.setTimeout/<.notify(file:///C:/Users/sanoaoa/AppData/Local/Temp/anonymous8782904691082120401webdriver-profile/extensions/fxdriver@googlecode.com/components/driver-component.js:621)
... Removed 28 stack frames]]>
    </failure>
  </testcase> <!-- verifyDeviceChangeReqLinks -->
  <testcase name="accountSelection" time="55.491" classname="com.mps.test.AccountSelectionTest">
    <failure type="org.openqa.selenium.WebDriverException" message="Failed to connect to binary FirefoxBinary(C:\Users\sanoaoa\AppData\Local\Mozilla Firefox\firefox.exe) on port 7081; process output follows: 
lla&amp;quot;,&amp;quot;homepageURL&amp;quot;:null,&amp;quot;contributors&amp;quot;:[&amp;quot;Mozilla Contributors&amp;quot;]},&amp;quot;visible&amp;quot;:true,&amp;quot;active&amp;quot;:true,&amp;quot;userDisabled&amp;quot;:false,&amp;quot;appDisabled&amp;quot;:false,&amp;quot;descriptor&amp;quot;:&amp;quot;C:\\Users\\sanoaoa\\AppData\\Local\\Mozilla Firefox\\browser\\extensions\\{972ce4c6-7e08-4474-a285-3208198ce6fd}&amp;quot;,&amp;quot;installDate&amp;quot;:1476690893182,&amp;quot;updateDate&amp;quot;:1476690893182,&amp;quot;applyBackgroundUpdates&amp;quot;:1,&amp;quot;skinnable&amp;quot;:true,&amp;quot;size&amp;quot;:24166,&amp;quot;sourceURI&amp;quot;:null,&amp;quot;releaseNotesURI&amp;quot;:null,&amp;quot;softDisabled&amp;quot;:false,&amp;quot;foreignInstall&amp;quot;:false,&amp;quot;hasBinaryComponents&amp;quot;:false,&amp;quot;strictCompatibility&amp;quot;:true,&amp;quot;locales&amp;quot;:[],&amp;quot;targetApplications&amp;quot;:[{&amp;quot;id&amp;quot;:&amp;quot;{ec8030f7-c20a-464f-9b0e-13a3a9e97384}&amp;quot;,&amp;quot;minVersion&amp;quot;:&amp;quot;44.0&amp;quot;,&amp;quot;maxVersion&amp;quot;:&amp;quot;44.0&amp;quot;}],&amp;quot;targetPlatforms&amp;quot;:[]}
1481033891483	addons.xpi	DEBUG	getModTime: Recursive scan of {972ce4c6-7e08-4474-a285-3208198ce6fd}
1481033891484	addons.xpi	DEBUG	Updating XPIState for {&amp;quot;id&amp;quot;:&amp;quot;{D19CA586-DD6C-4a0a-96F8-14644F340D60}&amp;quot;,&amp;quot;syncGUID&amp;quot;:&amp;quot;yu8uTHLtnLNk&amp;quot;,&amp;quot;location&amp;quot;:&amp;quot;winreg-app-global&amp;quot;,&amp;quot;version&amp;quot;:&amp;quot;15.4.0&amp;quot;,&amp;quot;type&amp;quot;:&amp;quot;extension&amp;quot;,&amp;quot;internalName&amp;quot;:null,&amp;quot;updateURL&amp;quot;:null,&amp;quot;updateKey&amp;quot;:null,&amp;quot;optionsURL&amp;quot;:null,&amp;quot;optionsType&amp;quot;:null,&amp;quot;aboutURL&amp;quot;:null,&amp;quot;icons&amp;quot;:{},&amp;quot;iconURL&amp;quot;:&amp;quot;chrome://vscore/content/ScriptFF.gif&amp;quot;,&amp;quot;icon64URL&amp;quot;:null,&amp;quot;defaultLocale&amp;quot;:{&amp;quot;name&amp;quot;:&amp;quot;McAfee ScriptScan for Firefox&amp;quot;,&amp;quot;description&amp;quot;:null,&amp;quot;creator&amp;quot;:&amp;quot;McAfee, Inc.&amp;quot;,&amp;quot;homepageURL&amp;quot;:null},&amp;quot;visible&amp;quot;:true,&amp;quot;active&amp;quot;:false,&amp;quot;userDisabled&amp;quot;:true,&amp;quot;appDisabled&amp;quot;:false,&amp;quot;descriptor&amp;quot;:&amp;quot;C:\\Program Files (x86)\\Common Files\\McAfee\\SystemCore&amp;quot;,&amp;quot;installDate&amp;quot;:1480071107731,&amp;quot;updateDate&amp;quot;:1480071107731,&amp;quot;applyBackgroundUpdates&amp;quot;:1,&amp;quot;bootstrap&amp;quot;:false,&amp;quot;size&amp;quot;:15156672,&amp;quot;sourceURI&amp;quot;:null,&amp;quot;releaseNotesURI&amp;quot;:null,&amp;quot;softDisabled&amp;quot;:false,&amp;quot;foreignInstall&amp;quot;:true,&amp;quot;hasBinaryComponents&amp;quot;:false,&amp;quot;strictCompatibility&amp;quot;:false,&amp;quot;locales&amp;quot;:[],&amp;quot;targetApplications&amp;quot;:[{&amp;quot;id&amp;quot;:&amp;quot;{ec8030f7-c20a-464f-9b0e-13a3a9e97384}&amp;quot;,&amp;quot;minVersion&amp;quot;:&amp;quot;1.5&amp;quot;,&amp;quot;maxVersion&amp;quot;:&amp;quot;9.9&amp;quot;}],&amp;quot;targetPlatforms&amp;quot;:[],&amp;quot;multiprocessCompatible&amp;quot;:false,&amp;quot;signedState&amp;quot;:0}
1481033891485	DeferredSave.extensions.json	DEBUG	Save changes
1481033891487	addons.xpi	DEBUG	Updating database with changes to installed add-ons
1481033891487	addons.xpi-utils	DEBUG	Updating add-on states
1481033891489	addons.xpi-utils	DEBUG	Writing add-ons list
1481033891666	addons.manager	DEBUG	Registering shutdown blocker for XPIProvider
1481033891667	addons.manager	DEBUG	Provider finished startup: XPIProvider
1481033891667	addons.manager	DEBUG	Starting provider: LightweightThemeManager
1481033891667	addons.manager	DEBUG	Registering shutdown blocker for LightweightThemeManager
1481033891667	addons.manager	DEBUG	Provider finished startup: LightweightThemeManager
1481033891667	addons.manager	DEBUG	Starting provider: GMPProvider
1481033891675	addons.manager	DEBUG	Registering shutdown blocker for GMPProvider
1481033891675	addons.manager	DEBUG	Provider finished startup: GMPProvider
1481033891675	addons.manager	DEBUG	Starting provider: PluginProvider
1481033891675	addons.manager	DEBUG	Registering shutdown blocker for PluginProvider
1481033891676	addons.manager	DEBUG	Provider finished startup: PluginProvider
1481033891677	addons.manager	DEBUG	Completed startup sequence
1481033895705	addons.manager	DEBUG	Starting provider: &amp;lt;unnamed-provider&amp;gt;
1481033895705	addons.manager	DEBUG	Registering shutdown blocker for &amp;lt;unnamed-provider&amp;gt;
1481033895706	addons.manager	DEBUG	Provider finished startup: &amp;lt;unnamed-provider&amp;gt;
1481033898020	DeferredSave.extensions.json	DEBUG	Starting write
1481033898401	addons.repository	DEBUG	No addons.json found.
1481033898401	DeferredSave.addons.json	DEBUG	Save changes
1481033898405	DeferredSave.addons.json	DEBUG	Starting timer
1481033898424	addons.manager	DEBUG	Starting provider: PreviousExperimentProvider
1481033898424	addons.manager	DEBUG	Registering shutdown blocker for PreviousExperimentProvider
1481033898424	addons.manager	DEBUG	Provider finished startup: PreviousExperimentProvider
1481033898430	DeferredSave.extensions.json	DEBUG	Write succeeded
1481033898430	addons.xpi-utils	DEBUG	XPI Database saved, setting schema version preference to 17
1481033898494	DeferredSave.addons.json	DEBUG	Starting write
1481033898890	DeferredSave.addons.json	DEBUG	Write succeeded

Build info: version: &amp;apos;2.48.2&amp;apos;, revision: &amp;apos;41bccdd&amp;apos;, time: &amp;apos;2015-10-09 19:59:12&amp;apos;
System info: host: &amp;apos;D-184004960&amp;apos;, ip: &amp;apos;10.141.27.178&amp;apos;, os.name: &amp;apos;Windows 8.1&amp;apos;, os.arch: &amp;apos;amd64&amp;apos;, os.version: &amp;apos;6.3&amp;apos;, java.version: &amp;apos;1.8.0_91&amp;apos;
Driver info: driver.version: FirefoxDriver">
      <![CDATA[org.openqa.selenium.WebDriverException: Failed to connect to binary FirefoxBinary(C:\Users\sanoaoa\AppData\Local\Mozilla Firefox\firefox.exe) on port 7081; process output follows: 
lla","homepageURL":null,"contributors":["Mozilla Contributors"]},"visible":true,"active":true,"userDisabled":false,"appDisabled":false,"descriptor":"C:\\Users\\sanoaoa\\AppData\\Local\\Mozilla Firefox\\browser\\extensions\\{972ce4c6-7e08-4474-a285-3208198ce6fd}","installDate":1476690893182,"updateDate":1476690893182,"applyBackgroundUpdates":1,"skinnable":true,"size":24166,"sourceURI":null,"releaseNotesURI":null,"softDisabled":false,"foreignInstall":false,"hasBinaryComponents":false,"strictCompatibility":true,"locales":[],"targetApplications":[{"id":"{ec8030f7-c20a-464f-9b0e-13a3a9e97384}","minVersion":"44.0","maxVersion":"44.0"}],"targetPlatforms":[]}
1481033891483	addons.xpi	DEBUG	getModTime: Recursive scan of {972ce4c6-7e08-4474-a285-3208198ce6fd}
1481033891484	addons.xpi	DEBUG	Updating XPIState for {"id":"{D19CA586-DD6C-4a0a-96F8-14644F340D60}","syncGUID":"yu8uTHLtnLNk","location":"winreg-app-global","version":"15.4.0","type":"extension","internalName":null,"updateURL":null,"updateKey":null,"optionsURL":null,"optionsType":null,"aboutURL":null,"icons":{},"iconURL":"chrome://vscore/content/ScriptFF.gif","icon64URL":null,"defaultLocale":{"name":"McAfee ScriptScan for Firefox","description":null,"creator":"McAfee, Inc.","homepageURL":null},"visible":true,"active":false,"userDisabled":true,"appDisabled":false,"descriptor":"C:\\Program Files (x86)\\Common Files\\McAfee\\SystemCore","installDate":1480071107731,"updateDate":1480071107731,"applyBackgroundUpdates":1,"bootstrap":false,"size":15156672,"sourceURI":null,"releaseNotesURI":null,"softDisabled":false,"foreignInstall":true,"hasBinaryComponents":false,"strictCompatibility":false,"locales":[],"targetApplications":[{"id":"{ec8030f7-c20a-464f-9b0e-13a3a9e97384}","minVersion":"1.5","maxVersion":"9.9"}],"targetPlatforms":[],"multiprocessCompatible":false,"signedState":0}
1481033891485	DeferredSave.extensions.json	DEBUG	Save changes
1481033891487	addons.xpi	DEBUG	Updating database with changes to installed add-ons
1481033891487	addons.xpi-utils	DEBUG	Updating add-on states
1481033891489	addons.xpi-utils	DEBUG	Writing add-ons list
1481033891666	addons.manager	DEBUG	Registering shutdown blocker for XPIProvider
1481033891667	addons.manager	DEBUG	Provider finished startup: XPIProvider
1481033891667	addons.manager	DEBUG	Starting provider: LightweightThemeManager
1481033891667	addons.manager	DEBUG	Registering shutdown blocker for LightweightThemeManager
1481033891667	addons.manager	DEBUG	Provider finished startup: LightweightThemeManager
1481033891667	addons.manager	DEBUG	Starting provider: GMPProvider
1481033891675	addons.manager	DEBUG	Registering shutdown blocker for GMPProvider
1481033891675	addons.manager	DEBUG	Provider finished startup: GMPProvider
1481033891675	addons.manager	DEBUG	Starting provider: PluginProvider
1481033891675	addons.manager	DEBUG	Registering shutdown blocker for PluginProvider
1481033891676	addons.manager	DEBUG	Provider finished startup: PluginProvider
1481033891677	addons.manager	DEBUG	Completed startup sequence
1481033895705	addons.manager	DEBUG	Starting provider: <unnamed-provider>
1481033895705	addons.manager	DEBUG	Registering shutdown blocker for <unnamed-provider>
1481033895706	addons.manager	DEBUG	Provider finished startup: <unnamed-provider>
1481033898020	DeferredSave.extensions.json	DEBUG	Starting write
1481033898401	addons.repository	DEBUG	No addons.json found.
1481033898401	DeferredSave.addons.json	DEBUG	Save changes
1481033898405	DeferredSave.addons.json	DEBUG	Starting timer
1481033898424	addons.manager	DEBUG	Starting provider: PreviousExperimentProvider
1481033898424	addons.manager	DEBUG	Registering shutdown blocker for PreviousExperimentProvider
1481033898424	addons.manager	DEBUG	Provider finished startup: PreviousExperimentProvider
1481033898430	DeferredSave.extensions.json	DEBUG	Write succeeded
1481033898430	addons.xpi-utils	DEBUG	XPI Database saved, setting schema version preference to 17
1481033898494	DeferredSave.addons.json	DEBUG	Starting write
1481033898890	DeferredSave.addons.json	DEBUG	Write succeeded

Build info: version: '2.48.2', revision: '41bccdd', time: '2015-10-09 19:59:12'
System info: host: 'D-184004960', ip: '10.141.27.178', os.name: 'Windows 8.1', os.arch: 'amd64', os.version: '6.3', java.version: '1.8.0_91'
Driver info: driver.version: FirefoxDriver
	at org.openqa.selenium.firefox.internal.NewProfileExtensionConnection.start(NewProfileExtensionConnection.java:134)
	at org.openqa.selenium.firefox.FirefoxDriver.startClient(FirefoxDriver.java:271)
	at org.openqa.selenium.remote.RemoteWebDriver.<init>(RemoteWebDriver.java:117)
	at org.openqa.selenium.firefox.FirefoxDriver.<init>(FirefoxDriver.java:218)
	at org.openqa.selenium.firefox.FirefoxDriver.<init>(FirefoxDriver.java:211)
	at org.openqa.selenium.firefox.FirefoxDriver.<init>(FirefoxDriver.java:207)
	at org.openqa.selenium.firefox.FirefoxDriver.<init>(FirefoxDriver.java:120)
	at com.mps.test.AccountSelectionTest.accountSelection(AccountSelectionTest.java:24)
Caused by: org.openqa.selenium.firefox.NotConnectedException: Unable to connect to host 127.0.0.1 on port 7081 after 45000 ms. Firefox console output:
lla","homepageURL":null,"contributors":["Mozilla Contributors"]},"visible":true,"active":true,"userDisabled":false,"appDisabled":false,"descriptor":"C:\\Users\\sanoaoa\\AppData\\Local\\Mozilla Firefox\\browser\\extensions\\{972ce4c6-7e08-4474-a285-3208198ce6fd}","installDate":1476690893182,"updateDate":1476690893182,"applyBackgroundUpdates":1,"skinnable":true,"size":24166,"sourceURI":null,"releaseNotesURI":null,"softDisabled":false,"foreignInstall":false,"hasBinaryComponents":false,"strictCompatibility":true,"locales":[],"targetApplications":[{"id":"{ec8030f7-c20a-464f-9b0e-13a3a9e97384}","minVersion":"44.0","maxVersion":"44.0"}],"targetPlatforms":[]}
1481033891483	addons.xpi	DEBUG	getModTime: Recursive scan of {972ce4c6-7e08-4474-a285-3208198ce6fd}
1481033891484	addons.xpi	DEBUG	Updating XPIState for {"id":"{D19CA586-DD6C-4a0a-96F8-14644F340D60}","syncGUID":"yu8uTHLtnLNk","location":"winreg-app-global","version":"15.4.0","type":"extension","internalName":null,"updateURL":null,"updateKey":null,"optionsURL":null,"optionsType":null,"aboutURL":null,"icons":{},"iconURL":"chrome://vscore/content/ScriptFF.gif","icon64URL":null,"defaultLocale":{"name":"McAfee ScriptScan for Firefox","description":null,"creator":"McAfee, Inc.","homepageURL":null},"visible":true,"active":false,"userDisabled":true,"appDisabled":false,"descriptor":"C:\\Program Files (x86)\\Common Files\\McAfee\\SystemCore","installDate":1480071107731,"updateDate":1480071107731,"applyBackgroundUpdates":1,"bootstrap":false,"size":15156672,"sourceURI":null,"releaseNotesURI":null,"softDisabled":false,"foreignInstall":true,"hasBinaryComponents":false,"strictCompatibility":false,"locales":[],"targetApplications":[{"id":"{ec8030f7-c20a-464f-9b0e-13a3a9e97384}","minVersion":"1.5","maxVersion":"9.9"}],"targetPlatforms":[],"multiprocessCompatible":false,"signedState":0}
1481033891485	DeferredSave.extensions.json	DEBUG	Save changes
1481033891487	addons.xpi	DEBUG	Updating database with changes to installed add-ons
1481033891487	addons.xpi-utils	DEBUG	Updating add-on states
1481033891489	addons.xpi-utils	DEBUG	Writing add-ons list
1481033891666	addons.manager	DEBUG	Registering shutdown blocker for XPIProvider
1481033891667	addons.manager	DEBUG	Provider finished startup: XPIProvider
1481033891667	addons.manager	DEBUG	Starting provider: LightweightThemeManager
1481033891667	addons.manager	DEBUG	Registering shutdown blocker for LightweightThemeManager
1481033891667	addons.manager	DEBUG	Provider finished startup: LightweightThemeManager
1481033891667	addons.manager	DEBUG	Starting provider: GMPProvider
1481033891675	addons.manager	DEBUG	Registering shutdown blocker for GMPProvider
1481033891675	addons.manager	DEBUG	Provider finished startup: GMPProvider
1481033891675	addons.manager	DEBUG	Starting provider: PluginProvider
1481033891675	addons.manager	DEBUG	Registering shutdown blocker for PluginProvider
1481033891676	addons.manager	DEBUG	Provider finished startup: PluginProvider
1481033891677	addons.manager	DEBUG	Completed startup sequence
1481033895705	addons.manager	DEBUG	Starting provider: <unnamed-provider>
1481033895705	addons.manager	DEBUG	Registering shutdown blocker for <unnamed-provider>
1481033895706	addons.manager	DEBUG	Provider finished startup: <unnamed-provider>
1481033898020	DeferredSave.extensions.json	DEBUG	Starting write
1481033898401	addons.repository	DEBUG	No addons.json found.
1481033898401	DeferredSave.addons.json	DEBUG	Save changes
1481033898405	DeferredSave.addons.json	DEBUG	Starting timer
1481033898424	addons.manager	DEBUG	Starting provider: PreviousExperimentProvider
1481033898424	addons.manager	DEBUG	Registering shutdown blocker for PreviousExperimentProvider
1481033898424	addons.manager	DEBUG	Provider finished startup: PreviousExperimentProvider
1481033898430	DeferredSave.extensions.json	DEBUG	Write succeeded
1481033898430	addons.xpi-utils	DEBUG	XPI Database saved, setting schema version preference to 17
1481033898494	DeferredSave.addons.json	DEBUG	Starting write
1481033898890	DeferredSave.addons.json	DEBUG	Write succeeded

	at org.openqa.selenium.firefox.internal.NewProfileExtensionConnection.start(NewProfileExtensionConnection.java:122)
	... 31 more
... Removed 24 stack frames]]>
    </failure>
  </testcase> <!-- accountSelection -->
  <testcase name="ReActivatingUser" time="114.296" classname="com.mps.test.DA_Disable_user_Reactivate"/>
</testsuite> <!-- MPS Portal2.0 Automation  -->
